#
# There is insufficient memory for the Java Runtime Environment to continue.
# Native memory allocation (malloc) failed to allocate 879616 bytes for Chunk::new
# Possible reasons:
#   The system is out of physical RAM or swap space
#   The process is running with CompressedOops enabled, and the Java Heap may be blocking the growth of the native heap
# Possible solutions:
#   Reduce memory load on the system
#   Increase physical memory or swap space
#   Check if swap backing store is full
#   Decrease Java heap size (-Xmx/-Xms)
#   Decrease number of Java threads
#   Decrease Java thread stack sizes (-Xss)
#   Set larger code cache with -XX:ReservedCodeCacheSize=
#   JVM is running with Unscaled Compressed Oops mode in which the Java heap is
#     placed in the first 4GB address space. The Java Heap base address is the
#     maximum limit for the native heap growth. Please use -XX:HeapBaseMinAddress
#     to set the Java Heap base and to place the Java Heap above 4GB virtual address.
# This output file may be truncated or incomplete.
#
#  Out of Memory Error (c:/workspace/9-2-build-windows-amd64-cygwin-phase2/jdk9/6725/hotspot/src/share/vm/memory/allocation.cpp:372), pid=14000, tid=5192
#
# JRE version: Java(TM) SE Runtime Environment (9.0+181) (build 9+181)
# Java VM: Java HotSpot(TM) 64-Bit Server VM (9+181, mixed mode, tiered, compressed oops, g1 gc, windows-amd64)
# No core dump will be written. Minidumps are not enabled by default on client versions of Windows
#

---------------  S U M M A R Y ------------

Command Line: -javaagent:C:\Users\Sutharsan\AppData\Roaming\JetBrains\IntelliJ IDEA 2017.2.4\lib\idea_rt.jar=64909:C:\Users\Sutharsan\AppData\Roaming\JetBrains\IntelliJ IDEA 2017.2.4\bin -Dfile.encoding=UTF-8 Main

Host: AMD A10-5700 APU with Radeon(tm) HD Graphics   , 4 cores, 7G,  Windows 10 , 64 bit Build 16299 (10.0.16299.15)
Time: Tue Jan 30 20:47:19 2018 GMT Standard Time elapsed time: 3 seconds (0d 0h 0m 3s)

---------------  T H R E A D  ---------------

Current thread (0x000001337fe12000):  JavaThread "C2 CompilerThread0" daemon [_thread_in_native, id=5192, stack(0x0000002405200000,0x0000002405300000)]


Current CompileTask:
C2:   3180 1068   !   4       com.sun.javafx.css.ParsedValueImpl::readBinary (688 bytes)

Stack: [0x0000002405200000,0x0000002405300000]
Native frames: (J=compiled Java code, j=interpreted, Vv=VM code, C=native code)
V  [jvm.dll+0x587108]
V  [jvm.dll+0x69c14e]
V  [jvm.dll+0x69d06a]
V  [jvm.dll+0x69d6a3]
V  [jvm.dll+0x21d3f8]
V  [jvm.dll+0xa7bac]
V  [jvm.dll+0xa84ec]
V  [jvm.dll+0x28b674]
V  [jvm.dll+0x4aef1a]
V  [jvm.dll+0x1eb779]
V  [jvm.dll+0x1e8e41]
V  [jvm.dll+0x16916b]
V  [jvm.dll+0x1f6680]
V  [jvm.dll+0x1f5306]
V  [jvm.dll+0x66b1af]
V  [jvm.dll+0x586530]
C  [msvcr120.dll+0x24f7f]
C  [msvcr120.dll+0x25126]
C  [KERNEL32.DLL+0x11fe4]
C  [ntdll.dll+0x6efb1]


---------------  P R O C E S S  ---------------

Java Threads: ( => current thread )
  0x000001330f997800 JavaThread "Java2D Disposer" daemon [_thread_blocked, id=8248, stack(0x0000002406500000,0x0000002406600000)]
  0x000001330f787800 JavaThread "JavaFX-Launcher" [_thread_blocked, id=14416, stack(0x0000002406400000,0x0000002406500000)]
  0x000001330f77b000 JavaThread "Thread-1" daemon [_thread_in_native, id=14916, stack(0x0000002406300000,0x0000002406400000)]
  0x00000133101af800 JavaThread "JavaFX Application Thread" [_thread_in_native, id=4452, stack(0x0000002405e00000,0x0000002405f00000)]
  0x000001330f7b8800 JavaThread "InvokeLaterDispatcher" daemon [_thread_blocked, id=1136, stack(0x0000002405d00000,0x0000002405e00000)]
  0x000001330f461000 JavaThread "QuantumRenderer-0" daemon [_thread_blocked, id=13088, stack(0x0000002405a00000,0x0000002405b00000)]
  0x000001330f174000 JavaThread "Service Thread" daemon [_thread_blocked, id=536, stack(0x0000002405800000,0x0000002405900000)]
  0x000001330f165800 JavaThread "Monitor Ctrl-Break" daemon [_thread_in_native, id=6904, stack(0x0000002405700000,0x0000002405800000)]
  0x000001337febc800 JavaThread "Common-Cleaner" daemon [_thread_blocked, id=11072, stack(0x0000002405600000,0x0000002405700000)]
  0x000001337fe96000 JavaThread "Sweeper thread" daemon [_thread_blocked, id=13352, stack(0x0000002405500000,0x0000002405600000)]
  0x000001337fe79000 JavaThread "C1 CompilerThread2" daemon [_thread_blocked, id=6684, stack(0x0000002405400000,0x0000002405500000)]
  0x000001337fe16800 JavaThread "C2 CompilerThread1" daemon [_thread_blocked, id=14032, stack(0x0000002405300000,0x0000002405400000)]
=>0x000001337fe12000 JavaThread "C2 CompilerThread0" daemon [_thread_in_native, id=5192, stack(0x0000002405200000,0x0000002405300000)]
  0x000001337fe11000 JavaThread "Attach Listener" daemon [_thread_blocked, id=3604, stack(0x0000002405100000,0x0000002405200000)]
  0x000001337fe10000 JavaThread "Signal Dispatcher" daemon [_thread_blocked, id=3372, stack(0x0000002405000000,0x0000002405100000)]
  0x000001337fdbc000 JavaThread "Finalizer" daemon [_thread_blocked, id=15316, stack(0x0000002404f00000,0x0000002405000000)]
  0x000001337fdb9800 JavaThread "Reference Handler" daemon [_thread_blocked, id=9496, stack(0x0000002404e00000,0x0000002404f00000)]
  0x000001336ba26800 JavaThread "main" [_thread_blocked, id=13864, stack(0x0000002404100000,0x0000002404200000)]

Other Threads:
  0x000001337f4be800 VMThread "VM Thread" [stack: 0x0000002404d00000,0x0000002404e00000] [id=15992]
  0x000001330f187800 WatcherThread [stack: 0x0000002405900000,0x0000002405a00000] [id=12060]
  0x000001336ba3b800 GCTaskThread "GC Thread#0" [stack: 0x0000002404200000,0x0000002404300000] [id=13528]
  0x000001336ba3d000 GCTaskThread "GC Thread#1" [stack: 0x0000002404300000,0x0000002404400000] [id=12436]
  0x000001336ba3e800 GCTaskThread "GC Thread#2" [stack: 0x0000002404400000,0x0000002404500000] [id=2972]
  0x000001336ba41000 GCTaskThread "GC Thread#3" [stack: 0x0000002404500000,0x0000002404600000] [id=12132]
  0x000001336bacb800 ConcurrentGCThread "G1 Main Marker" [stack: 0x0000002404b00000,0x0000002404c00000] [id=2532]
  0x000001336bacc800 ConcurrentGCThread "G1 Marker#0" [stack: 0x0000002404c00000,0x0000002404d00000] [id=14168]
  0x000001336ba59800 ConcurrentGCThread "G1 Refine#0" [stack: 0x0000002404900000,0x0000002404a00000] [id=5336]
  0x000001336ba59000 ConcurrentGCThread "G1 Refine#1" [stack: 0x0000002404800000,0x0000002404900000] [id=4548]
  0x000001336ba58000 ConcurrentGCThread "G1 Refine#2" [stack: 0x0000002404700000,0x0000002404800000] [id=9516]
  0x000001336ba50000 ConcurrentGCThread "G1 Refine#3" [stack: 0x0000002404600000,0x0000002404700000] [id=12536]
  0x000001336ba5a800 ConcurrentGCThread "G1 Young RemSet Sampling" [stack: 0x0000002404a00000,0x0000002404b00000] [id=9272]

Threads with active compile tasks:
C2 CompilerThread01068   !   4       com.sun.javafx.css.ParsedValueImpl::readBinary (688 bytes)

VM state:not at safepoint (normal execution)

VM Mutex/Monitor currently owned by a thread: None

Heap address: 0x0000000081a00000, size: 2022 MB, Compressed Oops mode: 32-bit
Narrow klass base: 0x0000000000000000, Narrow klass shift: 3
Compressed class space size: 1073741824 Address: 0x0000000100000000

Heap:
 garbage-first heap   total 131072K, used 12929K [0x0000000081a00000, 0x0000000081b00400, 0x0000000100000000)
  region size 1024K, 12 young (12288K), 2 survivors (2048K)
 Metaspace       used 15189K, capacity 16086K, committed 16256K, reserved 1062912K
  class space    used 1839K, capacity 2053K, committed 2176K, reserved 1048576K
Heap Regions: E=young(eden), S=young(survivor), O=old, HS=humongous(starts), HC=humongous(continues), CS=collection set, F=free, A=archive, TS=gc time stamp, AC=allocation context, TAMS=top-at-mark-start (previous, next)
|   0|0x0000000081a00000, 0x0000000081b00000, 0x0000000081b00000|100%| O|  |TS  1|AC  0|TAMS 0x0000000081a00000, 0x0000000081a00000|
|   1|0x0000000081b00000, 0x0000000081ba0400, 0x0000000081c00000| 62%| O|  |TS  1|AC  0|TAMS 0x0000000081b00000, 0x0000000081b00000|
|   2|0x0000000081c00000, 0x0000000081c00000, 0x0000000081d00000|  0%| F|  |TS  0|AC  0|TAMS 0x0000000081c00000, 0x0000000081c00000|
|   3|0x0000000081d00000, 0x0000000081d00000, 0x0000000081e00000|  0%| F|  |TS  0|AC  0|TAMS 0x0000000081d00000, 0x0000000081d00000|
|   4|0x0000000081e00000, 0x0000000081e00000, 0x0000000081f00000|  0%| F|  |TS  0|AC  0|TAMS 0x0000000081e00000, 0x0000000081e00000|
|   5|0x0000000081f00000, 0x0000000081f00000, 0x0000000082000000|  0%| F|  |TS  0|AC  0|TAMS 0x0000000081f00000, 0x0000000081f00000|
|   6|0x0000000082000000, 0x0000000082000000, 0x0000000082100000|  0%| F|  |TS  0|AC  0|TAMS 0x0000000082000000, 0x0000000082000000|
|   7|0x0000000082100000, 0x0000000082100000, 0x0000000082200000|  0%| F|  |TS  0|AC  0|TAMS 0x0000000082100000, 0x0000000082100000|
|   8|0x0000000082200000, 0x0000000082200000, 0x0000000082300000|  0%| F|  |TS  0|AC  0|TAMS 0x0000000082200000, 0x0000000082200000|
|   9|0x0000000082300000, 0x0000000082300000, 0x0000000082400000|  0%| F|  |TS  0|AC  0|TAMS 0x0000000082300000, 0x0000000082300000|
|  10|0x0000000082400000, 0x0000000082400000, 0x0000000082500000|  0%| F|  |TS  0|AC  0|TAMS 0x0000000082400000, 0x0000000082400000|
|  11|0x0000000082500000, 0x0000000082500000, 0x0000000082600000|  0%| F|  |TS  0|AC  0|TAMS 0x0000000082500000, 0x0000000082500000|
|  12|0x0000000082600000, 0x0000000082600000, 0x0000000082700000|  0%| F|  |TS  0|AC  0|TAMS 0x0000000082600000, 0x0000000082600000|
|  13|0x0000000082700000, 0x0000000082700000, 0x0000000082800000|  0%| F|  |TS  0|AC  0|TAMS 0x0000000082700000, 0x0000000082700000|
|  14|0x0000000082800000, 0x0000000082800000, 0x0000000082900000|  0%| F|  |TS  0|AC  0|TAMS 0x0000000082800000, 0x0000000082800000|
|  15|0x0000000082900000, 0x0000000082900000, 0x0000000082a00000|  0%| F|  |TS  0|AC  0|TAMS 0x0000000082900000, 0x0000000082900000|
|  16|0x0000000082a00000, 0x0000000082a00000, 0x0000000082b00000|  0%| F|  |TS  0|AC  0|TAMS 0x0000000082a00000, 0x0000000082a00000|
|  17|0x0000000082b00000, 0x0000000082b00000, 0x0000000082c00000|  0%| F|  |TS  0|AC  0|TAMS 0x0000000082b00000, 0x0000000082b00000|
|  18|0x0000000082c00000, 0x0000000082c00000, 0x0000000082d00000|  0%| F|  |TS  0|AC  0|TAMS 0x0000000082c00000, 0x0000000082c00000|
|  19|0x0000000082d00000, 0x0000000082d00000, 0x0000000082e00000|  0%| F|  |TS  0|AC  0|TAMS 0x0000000082d00000, 0x0000000082d00000|
|  20|0x0000000082e00000, 0x0000000082e00000, 0x0000000082f00000|  0%| F|  |TS  0|AC  0|TAMS 0x0000000082e00000, 0x0000000082e00000|
|  21|0x0000000082f00000, 0x0000000082f00000, 0x0000000083000000|  0%| F|  |TS  0|AC  0|TAMS 0x0000000082f00000, 0x0000000082f00000|
|  22|0x0000000083000000, 0x0000000083000000, 0x0000000083100000|  0%| F|  |TS  0|AC  0|TAMS 0x0000000083000000, 0x0000000083000000|
|  23|0x0000000083100000, 0x0000000083100000, 0x0000000083200000|  0%| F|  |TS  0|AC  0|TAMS 0x0000000083100000, 0x0000000083100000|
|  24|0x0000000083200000, 0x0000000083200000, 0x0000000083300000|  0%| F|  |TS  0|AC  0|TAMS 0x0000000083200000, 0x0000000083200000|
|  25|0x0000000083300000, 0x0000000083300000, 0x0000000083400000|  0%| F|  |TS  0|AC  0|TAMS 0x0000000083300000, 0x0000000083300000|
|  26|0x0000000083400000, 0x0000000083400000, 0x0000000083500000|  0%| F|  |TS  0|AC  0|TAMS 0x0000000083400000, 0x0000000083400000|
|  27|0x0000000083500000, 0x0000000083500000, 0x0000000083600000|  0%| F|  |TS  0|AC  0|TAMS 0x0000000083500000, 0x0000000083500000|
|  28|0x0000000083600000, 0x0000000083600000, 0x0000000083700000|  0%| F|  |TS  0|AC  0|TAMS 0x0000000083600000, 0x0000000083600000|
|  29|0x0000000083700000, 0x0000000083700000, 0x0000000083800000|  0%| F|  |TS  0|AC  0|TAMS 0x0000000083700000, 0x0000000083700000|
|  30|0x0000000083800000, 0x0000000083800000, 0x0000000083900000|  0%| F|  |TS  0|AC  0|TAMS 0x0000000083800000, 0x0000000083800000|
|  31|0x0000000083900000, 0x0000000083900000, 0x0000000083a00000|  0%| F|  |TS  0|AC  0|TAMS 0x0000000083900000, 0x0000000083900000|
|  32|0x0000000083a00000, 0x0000000083a00000, 0x0000000083b00000|  0%| F|  |TS  0|AC  0|TAMS 0x0000000083a00000, 0x0000000083a00000|
|  33|0x0000000083b00000, 0x0000000083b00000, 0x0000000083c00000|  0%| F|  |TS  0|AC  0|TAMS 0x0000000083b00000, 0x0000000083b00000|
|  34|0x0000000083c00000, 0x0000000083c00000, 0x0000000083d00000|  0%| F|  |TS  0|AC  0|TAMS 0x0000000083c00000, 0x0000000083c00000|
|  35|0x0000000083d00000, 0x0000000083d00000, 0x0000000083e00000|  0%| F|  |TS  0|AC  0|TAMS 0x0000000083d00000, 0x0000000083d00000|
|  36|0x0000000083e00000, 0x0000000083e00000, 0x0000000083f00000|  0%| F|  |TS  0|AC  0|TAMS 0x0000000083e00000, 0x0000000083e00000|
|  37|0x0000000083f00000, 0x0000000083f00000, 0x0000000084000000|  0%| F|  |TS  0|AC  0|TAMS 0x0000000083f00000, 0x0000000083f00000|
|  38|0x0000000084000000, 0x0000000084000000, 0x0000000084100000|  0%| F|  |TS  0|AC  0|TAMS 0x0000000084000000, 0x0000000084000000|
|  39|0x0000000084100000, 0x0000000084100000, 0x0000000084200000|  0%| F|  |TS  0|AC  0|TAMS 0x0000000084100000, 0x0000000084100000|
|  40|0x0000000084200000, 0x0000000084200000, 0x0000000084300000|  0%| F|  |TS  0|AC  0|TAMS 0x0000000084200000, 0x0000000084200000|
|  41|0x0000000084300000, 0x0000000084300000, 0x0000000084400000|  0%| F|  |TS  0|AC  0|TAMS 0x0000000084300000, 0x0000000084300000|
|  42|0x0000000084400000, 0x0000000084400000, 0x0000000084500000|  0%| F|  |TS  0|AC  0|TAMS 0x0000000084400000, 0x0000000084400000|
|  43|0x0000000084500000, 0x0000000084500000, 0x0000000084600000|  0%| F|  |TS  0|AC  0|TAMS 0x0000000084500000, 0x0000000084500000|
|  44|0x0000000084600000, 0x0000000084600000, 0x0000000084700000|  0%| F|  |TS  0|AC  0|TAMS 0x0000000084600000, 0x0000000084600000|
|  45|0x0000000084700000, 0x0000000084700000, 0x0000000084800000|  0%| F|  |TS  0|AC  0|TAMS 0x0000000084700000, 0x0000000084700000|
|  46|0x0000000084800000, 0x0000000084800000, 0x0000000084900000|  0%| F|  |TS  0|AC  0|TAMS 0x0000000084800000, 0x0000000084800000|
|  47|0x0000000084900000, 0x0000000084900000, 0x0000000084a00000|  0%| F|  |TS  0|AC  0|TAMS 0x0000000084900000, 0x0000000084900000|
|  48|0x0000000084a00000, 0x0000000084a00000, 0x0000000084b00000|  0%| F|  |TS  0|AC  0|TAMS 0x0000000084a00000, 0x0000000084a00000|
|  49|0x0000000084b00000, 0x0000000084b00000, 0x0000000084c00000|  0%| F|  |TS  0|AC  0|TAMS 0x0000000084b00000, 0x0000000084b00000|
|  50|0x0000000084c00000, 0x0000000084c00000, 0x0000000084d00000|  0%| F|  |TS  0|AC  0|TAMS 0x0000000084c00000, 0x0000000084c00000|
|  51|0x0000000084d00000, 0x0000000084d00000, 0x0000000084e00000|  0%| F|  |TS  0|AC  0|TAMS 0x0000000084d00000, 0x0000000084d00000|
|  52|0x0000000084e00000, 0x0000000084e00000, 0x0000000084f00000|  0%| F|  |TS  0|AC  0|TAMS 0x0000000084e00000, 0x0000000084e00000|
|  53|0x0000000084f00000, 0x0000000084f00000, 0x0000000085000000|  0%| F|  |TS  0|AC  0|TAMS 0x0000000084f00000, 0x0000000084f00000|
|  54|0x0000000085000000, 0x0000000085000000, 0x0000000085100000|  0%| F|  |TS  0|AC  0|TAMS 0x0000000085000000, 0x0000000085000000|
|  55|0x0000000085100000, 0x0000000085100000, 0x0000000085200000|  0%| F|  |TS  0|AC  0|TAMS 0x0000000085100000, 0x0000000085100000|
|  56|0x0000000085200000, 0x0000000085200000, 0x0000000085300000|  0%| F|  |TS  0|AC  0|TAMS 0x0000000085200000, 0x0000000085200000|
|  57|0x0000000085300000, 0x0000000085300000, 0x0000000085400000|  0%| F|  |TS  0|AC  0|TAMS 0x0000000085300000, 0x0000000085300000|
|  58|0x0000000085400000, 0x0000000085400000, 0x0000000085500000|  0%| F|  |TS  0|AC  0|TAMS 0x0000000085400000, 0x0000000085400000|
|  59|0x0000000085500000, 0x0000000085500000, 0x0000000085600000|  0%| F|  |TS  0|AC  0|TAMS 0x0000000085500000, 0x0000000085500000|
|  60|0x0000000085600000, 0x0000000085600000, 0x0000000085700000|  0%| F|  |TS  0|AC  0|TAMS 0x0000000085600000, 0x0000000085600000|
|  61|0x0000000085700000, 0x0000000085700000, 0x0000000085800000|  0%| F|  |TS  0|AC  0|TAMS 0x0000000085700000, 0x0000000085700000|
|  62|0x0000000085800000, 0x0000000085800000, 0x0000000085900000|  0%| F|  |TS  0|AC  0|TAMS 0x0000000085800000, 0x0000000085800000|
|  63|0x0000000085900000, 0x0000000085900000, 0x0000000085a00000|  0%| F|  |TS  0|AC  0|TAMS 0x0000000085900000, 0x0000000085900000|
|  64|0x0000000085a00000, 0x0000000085a00000, 0x0000000085b00000|  0%| F|  |TS  0|AC  0|TAMS 0x0000000085a00000, 0x0000000085a00000|
|  65|0x0000000085b00000, 0x0000000085b00000, 0x0000000085c00000|  0%| F|  |TS  0|AC  0|TAMS 0x0000000085b00000, 0x0000000085b00000|
|  66|0x0000000085c00000, 0x0000000085c00000, 0x0000000085d00000|  0%| F|  |TS  0|AC  0|TAMS 0x0000000085c00000, 0x0000000085c00000|
|  67|0x0000000085d00000, 0x0000000085d00000, 0x0000000085e00000|  0%| F|  |TS  0|AC  0|TAMS 0x0000000085d00000, 0x0000000085d00000|
|  68|0x0000000085e00000, 0x0000000085e00000, 0x0000000085f00000|  0%| F|  |TS  0|AC  0|TAMS 0x0000000085e00000, 0x0000000085e00000|
|  69|0x0000000085f00000, 0x0000000085f00000, 0x0000000086000000|  0%| F|  |TS  0|AC  0|TAMS 0x0000000085f00000, 0x0000000085f00000|
|  70|0x0000000086000000, 0x0000000086000000, 0x0000000086100000|  0%| F|  |TS  0|AC  0|TAMS 0x0000000086000000, 0x0000000086000000|
|  71|0x0000000086100000, 0x0000000086100000, 0x0000000086200000|  0%| F|  |TS  0|AC  0|TAMS 0x0000000086100000, 0x0000000086100000|
|  72|0x0000000086200000, 0x0000000086200000, 0x0000000086300000|  0%| F|  |TS  0|AC  0|TAMS 0x0000000086200000, 0x0000000086200000|
|  73|0x0000000086300000, 0x0000000086300000, 0x0000000086400000|  0%| F|  |TS  0|AC  0|TAMS 0x0000000086300000, 0x0000000086300000|
|  74|0x0000000086400000, 0x0000000086400000, 0x0000000086500000|  0%| F|  |TS  0|AC  0|TAMS 0x0000000086400000, 0x0000000086400000|
|  75|0x0000000086500000, 0x0000000086500000, 0x0000000086600000|  0%| F|  |TS  0|AC  0|TAMS 0x0000000086500000, 0x0000000086500000|
|  76|0x0000000086600000, 0x0000000086600000, 0x0000000086700000|  0%| F|  |TS  0|AC  0|TAMS 0x0000000086600000, 0x0000000086600000|
|  77|0x0000000086700000, 0x0000000086700000, 0x0000000086800000|  0%| F|  |TS  0|AC  0|TAMS 0x0000000086700000, 0x0000000086700000|
|  78|0x0000000086800000, 0x0000000086800000, 0x0000000086900000|  0%| F|  |TS  0|AC  0|TAMS 0x0000000086800000, 0x0000000086800000|
|  79|0x0000000086900000, 0x0000000086900000, 0x0000000086a00000|  0%| F|  |TS  0|AC  0|TAMS 0x0000000086900000, 0x0000000086900000|
|  80|0x0000000086a00000, 0x0000000086a00000, 0x0000000086b00000|  0%| F|  |TS  0|AC  0|TAMS 0x0000000086a00000, 0x0000000086a00000|
|  81|0x0000000086b00000, 0x0000000086b00000, 0x0000000086c00000|  0%| F|  |TS  0|AC  0|TAMS 0x0000000086b00000, 0x0000000086b00000|
|  82|0x0000000086c00000, 0x0000000086c00000, 0x0000000086d00000|  0%| F|  |TS  0|AC  0|TAMS 0x0000000086c00000, 0x0000000086c00000|
|  83|0x0000000086d00000, 0x0000000086d00000, 0x0000000086e00000|  0%| F|  |TS  0|AC  0|TAMS 0x0000000086d00000, 0x0000000086d00000|
|  84|0x0000000086e00000, 0x0000000086e00000, 0x0000000086f00000|  0%| F|  |TS  0|AC  0|TAMS 0x0000000086e00000, 0x0000000086e00000|
|  85|0x0000000086f00000, 0x0000000086f00000, 0x0000000087000000|  0%| F|  |TS  0|AC  0|TAMS 0x0000000086f00000, 0x0000000086f00000|
|  86|0x0000000087000000, 0x0000000087000000, 0x0000000087100000|  0%| F|  |TS  0|AC  0|TAMS 0x0000000087000000, 0x0000000087000000|
|  87|0x0000000087100000, 0x0000000087100000, 0x0000000087200000|  0%| F|  |TS  0|AC  0|TAMS 0x0000000087100000, 0x0000000087100000|
|  88|0x0000000087200000, 0x0000000087200000, 0x0000000087300000|  0%| F|  |TS  0|AC  0|TAMS 0x0000000087200000, 0x0000000087200000|
|  89|0x0000000087300000, 0x0000000087300000, 0x0000000087400000|  0%| F|  |TS  0|AC  0|TAMS 0x0000000087300000, 0x0000000087300000|
|  90|0x0000000087400000, 0x0000000087400000, 0x0000000087500000|  0%| F|  |TS  0|AC  0|TAMS 0x0000000087400000, 0x0000000087400000|
|  91|0x0000000087500000, 0x0000000087500000, 0x0000000087600000|  0%| F|  |TS  0|AC  0|TAMS 0x0000000087500000, 0x0000000087500000|
|  92|0x0000000087600000, 0x0000000087600000, 0x0000000087700000|  0%| F|  |TS  0|AC  0|TAMS 0x0000000087600000, 0x0000000087600000|
|  93|0x0000000087700000, 0x0000000087700000, 0x0000000087800000|  0%| F|  |TS  0|AC  0|TAMS 0x0000000087700000, 0x0000000087700000|
|  94|0x0000000087800000, 0x0000000087800000, 0x0000000087900000|  0%| F|  |TS  0|AC  0|TAMS 0x0000000087800000, 0x0000000087800000|
|  95|0x0000000087900000, 0x0000000087900000, 0x0000000087a00000|  0%| F|  |TS  0|AC  0|TAMS 0x0000000087900000, 0x0000000087900000|
|  96|0x0000000087a00000, 0x0000000087a00000, 0x0000000087b00000|  0%| F|  |TS  0|AC  0|TAMS 0x0000000087a00000, 0x0000000087a00000|
|  97|0x0000000087b00000, 0x0000000087b00000, 0x0000000087c00000|  0%| F|  |TS  0|AC  0|TAMS 0x0000000087b00000, 0x0000000087b00000|
|  98|0x0000000087c00000, 0x0000000087c00000, 0x0000000087d00000|  0%| F|  |TS  0|AC  0|TAMS 0x0000000087c00000, 0x0000000087c00000|
|  99|0x0000000087d00000, 0x0000000087d00000, 0x0000000087e00000|  0%| F|  |TS  0|AC  0|TAMS 0x0000000087d00000, 0x0000000087d00000|
| 100|0x0000000087e00000, 0x0000000087e00000, 0x0000000087f00000|  0%| F|  |TS  0|AC  0|TAMS 0x0000000087e00000, 0x0000000087e00000|
| 101|0x0000000087f00000, 0x0000000087f00000, 0x0000000088000000|  0%| F|  |TS  0|AC  0|TAMS 0x0000000087f00000, 0x0000000087f00000|
| 102|0x0000000088000000, 0x0000000088000000, 0x0000000088100000|  0%| F|  |TS  0|AC  0|TAMS 0x0000000088000000, 0x0000000088000000|
| 103|0x0000000088100000, 0x0000000088100000, 0x0000000088200000|  0%| F|  |TS  0|AC  0|TAMS 0x0000000088100000, 0x0000000088100000|
| 104|0x0000000088200000, 0x0000000088200000, 0x0000000088300000|  0%| F|  |TS  0|AC  0|TAMS 0x0000000088200000, 0x0000000088200000|
| 105|0x0000000088300000, 0x0000000088300000, 0x0000000088400000|  0%| F|  |TS  0|AC  0|TAMS 0x0000000088300000, 0x0000000088300000|
| 106|0x0000000088400000, 0x0000000088400000, 0x0000000088500000|  0%| F|  |TS  0|AC  0|TAMS 0x0000000088400000, 0x0000000088400000|
| 107|0x0000000088500000, 0x0000000088500000, 0x0000000088600000|  0%| F|  |TS  0|AC  0|TAMS 0x0000000088500000, 0x0000000088500000|
| 108|0x0000000088600000, 0x0000000088600000, 0x0000000088700000|  0%| F|  |TS  0|AC  0|TAMS 0x0000000088600000, 0x0000000088600000|
| 109|0x0000000088700000, 0x0000000088700000, 0x0000000088800000|  0%| F|  |TS  0|AC  0|TAMS 0x0000000088700000, 0x0000000088700000|
| 110|0x0000000088800000, 0x0000000088800000, 0x0000000088900000|  0%| F|  |TS  0|AC  0|TAMS 0x0000000088800000, 0x0000000088800000|
| 111|0x0000000088900000, 0x0000000088900000, 0x0000000088a00000|  0%| F|  |TS  0|AC  0|TAMS 0x0000000088900000, 0x0000000088900000|
| 112|0x0000000088a00000, 0x0000000088b00000, 0x0000000088b00000|100%| S|CS|TS  1|AC  0|TAMS 0x0000000088a00000, 0x0000000088a00000|
| 113|0x0000000088b00000, 0x0000000088c00000, 0x0000000088c00000|100%| S|CS|TS  1|AC  0|TAMS 0x0000000088b00000, 0x0000000088b00000|
| 114|0x0000000088c00000, 0x0000000088c00000, 0x0000000088d00000|  0%| F|  |TS  1|AC  0|TAMS 0x0000000088c00000, 0x0000000088c00000|
| 115|0x0000000088d00000, 0x0000000088d00000, 0x0000000088e00000|  0%| F|  |TS  1|AC  0|TAMS 0x0000000088d00000, 0x0000000088d00000|
| 116|0x0000000088e00000, 0x0000000088e00000, 0x0000000088f00000|  0%| F|  |TS  1|AC  0|TAMS 0x0000000088e00000, 0x0000000088e00000|
| 117|0x0000000088f00000, 0x0000000088f00000, 0x0000000089000000|  0%| F|  |TS  1|AC  0|TAMS 0x0000000088f00000, 0x0000000088f00000|
| 118|0x0000000089000000, 0x0000000089100000, 0x0000000089100000|100%| E|  |TS  1|AC  0|TAMS 0x0000000089000000, 0x0000000089000000|
| 119|0x0000000089100000, 0x0000000089200000, 0x0000000089200000|100%| E|CS|TS  1|AC  0|TAMS 0x0000000089100000, 0x0000000089100000|
| 120|0x0000000089200000, 0x0000000089300000, 0x0000000089300000|100%| E|CS|TS  1|AC  0|TAMS 0x0000000089200000, 0x0000000089200000|
| 121|0x0000000089300000, 0x0000000089400000, 0x0000000089400000|100%| E|CS|TS  1|AC  0|TAMS 0x0000000089300000, 0x0000000089300000|
| 122|0x0000000089400000, 0x0000000089500000, 0x0000000089500000|100%| E|CS|TS  1|AC  0|TAMS 0x0000000089400000, 0x0000000089400000|
| 123|0x0000000089500000, 0x0000000089600000, 0x0000000089600000|100%| E|CS|TS  1|AC  0|TAMS 0x0000000089500000, 0x0000000089500000|
| 124|0x0000000089600000, 0x0000000089700000, 0x0000000089700000|100%| E|CS|TS  1|AC  0|TAMS 0x0000000089600000, 0x0000000089600000|
| 125|0x0000000089700000, 0x0000000089800000, 0x0000000089800000|100%| E|CS|TS  1|AC  0|TAMS 0x0000000089700000, 0x0000000089700000|
| 126|0x0000000089800000, 0x0000000089900000, 0x0000000089900000|100%| E|CS|TS  1|AC  0|TAMS 0x0000000089800000, 0x0000000089800000|
| 127|0x0000000089900000, 0x0000000089a00000, 0x0000000089a00000|100%| E|CS|TS  1|AC  0|TAMS 0x0000000089900000, 0x0000000089900000|

Card table byte_map: [0x00000133787c0000,0x0000013378bc0000] byte_map_base: 0x00000133783b3000

Marking Bits (Prev, Next): (CMBitMap*) 0x000001336bacac60, (CMBitMap*) 0x000001336bacac98
 Prev Bits: [0x0000013378fc0000, 0x000001337af58000)
 Next Bits: [0x000001337af60000, 0x000001337cef8000)

Polling page: 0x00000133697e0000

CodeHeap 'non-profiled nmethods': size=120064Kb used=456Kb max_used=456Kb free=119607Kb
 bounds [0x0000013307ac0000, 0x0000013307d30000, 0x000001330f000000]
CodeHeap 'profiled nmethods': size=120000Kb used=2149Kb max_used=2149Kb free=117850Kb
 bounds [0x0000013300590000, 0x0000013300800000, 0x0000013307ac0000]
CodeHeap 'non-nmethods': size=5696Kb used=1355Kb max_used=1371Kb free=4340Kb
 bounds [0x0000013300000000, 0x0000013300270000, 0x0000013300590000]
 total_blobs=2032 nmethods=1190 adapters=497
 compilation: enabled

Compilation events (10 events):
Event: 3.133 Thread 0x000001337fe79000 1105       3       java.lang.String::indexOf (113 bytes)
Event: 3.134 Thread 0x000001337fe79000 nmethod 1105 0x000001330078e010 code [0x000001330078e2a0, 0x000001330078ee90]
Event: 3.137 Thread 0x000001337fe79000 1106       3       javafx.beans.property.ObjectPropertyBase::get (29 bytes)
Event: 3.138 Thread 0x000001337fe79000 nmethod 1106 0x000001330078f290 code [0x000001330078f440, 0x000001330078f6d0]
Event: 3.138 Thread 0x000001337fe79000 1107       1       javafx.css.Selector::getOrdinal (5 bytes)
Event: 3.138 Thread 0x000001337fe79000 nmethod 1107 0x0000013307b27c90 code [0x0000013307b27e40, 0x0000013307b27f58]
Event: 3.139 Thread 0x000001337fe16800 1108       4       java.lang.String::regionMatches (187 bytes)
Event: 3.144 Thread 0x000001337fe16800 nmethod 1108 0x0000013307b28010 code [0x0000013307b281c0, 0x0000013307b28498]
Event: 3.150 Thread 0x000001337fe79000 1109       1       javafx.css.CssMetaData::getProperty (5 bytes)
Event: 3.150 Thread 0x000001337fe79000 nmethod 1109 0x0000013307b28710 code [0x0000013307b288c0, 0x0000013307b289d8]

GC Heap History (2 events):
Event: 2.237 GC heap before
{Heap before GC invocations=0 (full 0):
 garbage-first heap   total 131072K, used 14336K [0x0000000081a00000, 0x0000000081b00400, 0x0000000100000000)
  region size 1024K, 14 young (14336K), 0 survivors (0K)
 Metaspace       used 11683K, capacity 12244K, committed 12416K, reserved 1060864K
  class space    used 1284K, capacity 1388K, committed 1408K, reserved 1048576K
}
Event: 2.244 GC heap after
{Heap after GC invocations=1 (full 0):
 garbage-first heap   total 131072K, used 3713K [0x0000000081a00000, 0x0000000081b00400, 0x0000000100000000)
  region size 1024K, 2 young (2048K), 2 survivors (2048K)
 Metaspace       used 11683K, capacity 12244K, committed 12416K, reserved 1060864K
  class space    used 1284K, capacity 1388K, committed 1408K, reserved 1048576K
}

Deoptimization events (10 events):
Event: 2.970 Thread 0x00000133101af800 Uncommon trap: reason=class_check action=maybe_recompile pc=0x0000013307b1c024 method=java.io.DataInputStream.readShort()S @ 4 c2
Event: 2.970 Thread 0x00000133101af800 Uncommon trap: reason=class_check action=maybe_recompile pc=0x0000013307b1c024 method=java.io.DataInputStream.readShort()S @ 4 c2
Event: 2.970 Thread 0x00000133101af800 Uncommon trap: reason=class_check action=maybe_recompile pc=0x0000013307b1c024 method=java.io.DataInputStream.readShort()S @ 4 c2
Event: 2.970 Thread 0x00000133101af800 Uncommon trap: reason=class_check action=maybe_recompile pc=0x0000013307b1c024 method=java.io.DataInputStream.readShort()S @ 4 c2
Event: 2.981 Thread 0x00000133101af800 Uncommon trap: reason=bimorphic_or_optimized_type_check action=maybe_recompile pc=0x0000013307b1cb98 method=java.util.HashMap.getNode(ILjava/lang/Object;)Ljava/util/HashMap$Node; @ 126 c2
Event: 2.981 Thread 0x00000133101af800 Uncommon trap: reason=bimorphic_or_optimized_type_check action=maybe_recompile pc=0x0000013307b1cb98 method=java.util.HashMap.getNode(ILjava/lang/Object;)Ljava/util/HashMap$Node; @ 126 c2
Event: 2.981 Thread 0x00000133101af800 Uncommon trap: reason=bimorphic_or_optimized_type_check action=maybe_recompile pc=0x0000013307b1cb98 method=java.util.HashMap.getNode(ILjava/lang/Object;)Ljava/util/HashMap$Node; @ 126 c2
Event: 2.981 Thread 0x00000133101af800 Uncommon trap: reason=bimorphic_or_optimized_type_check action=maybe_recompile pc=0x0000013307b1cb98 method=java.util.HashMap.getNode(ILjava/lang/Object;)Ljava/util/HashMap$Node; @ 126 c2
Event: 2.998 Thread 0x00000133101af800 Uncommon trap: reason=unstable_if action=reinterpret pc=0x0000013307b21530 method=java.util.HashMap.getNode(ILjava/lang/Object;)Ljava/util/HashMap$Node; @ 62 c2
Event: 3.024 Thread 0x00000133101af800 Uncommon trap: reason=unstable_if action=reinterpret pc=0x0000013307b24648 method=java.lang.String.startsWith(Ljava/lang/String;I)Z @ 14 c2

Classes redefined (0 events):
No events

Internal exceptions (10 events):
Event: 2.369 Thread 0x00000133101af800 Exception <a 'java/lang/NoSuchMethodError'{0x00000000898ca100}: java.lang.invoke.DirectMethodHandle$Holder.invokeSpecial(Ljava/lang/Object;Ljava/lang/Object;IILjava/lang/Object;Ljava/lang/Object;Ljava/lang/Object;)Ljava/lang/Object;> (0x00000000898ca100) 
Event: 2.370 Thread 0x00000133101af800 Exception <a 'java/lang/NoSuchMethodError'{0x00000000898cd900}: java.lang.invoke.DelegatingMethodHandle$Holder.reinvoke_L(Ljava/lang/Object;IILjava/lang/Object;Ljava/lang/Object;Ljava/lang/Object;)Ljava/lang/Object;> (0x00000000898cd900) thrown at [c:/wor
Event: 2.370 Thread 0x00000133101af800 Exception <a 'java/lang/NoSuchMethodError'{0x00000000898d30d8}: method resolution failed> (0x00000000898d30d8) thrown at [c:/workspace/9-2-build-windows-amd64-cygwin-phase2/jdk9/6725/hotspot/src/share/vm/prims/methodHandles.cpp, line 1256]
Event: 2.372 Thread 0x00000133101af800 Exception <a 'java/lang/NoSuchMethodError'{0x00000000898e85c0}: method resolution failed> (0x00000000898e85c0) thrown at [c:/workspace/9-2-build-windows-amd64-cygwin-phase2/jdk9/6725/hotspot/src/share/vm/prims/methodHandles.cpp, line 1256]
Event: 2.375 Thread 0x00000133101af800 Exception <a 'java/lang/NoSuchMethodError'{0x00000000898fe5b0}: method resolution failed> (0x00000000898fe5b0) thrown at [c:/workspace/9-2-build-windows-amd64-cygwin-phase2/jdk9/6725/hotspot/src/share/vm/prims/methodHandles.cpp, line 1256]
Event: 2.384 Thread 0x00000133101af800 Exception <a 'java/lang/NoSuchMethodError'{0x0000000089716798}: method resolution failed> (0x0000000089716798) thrown at [c:/workspace/9-2-build-windows-amd64-cygwin-phase2/jdk9/6725/hotspot/src/share/vm/prims/methodHandles.cpp, line 1256]
Event: 2.386 Thread 0x00000133101af800 Exception <a 'java/lang/NoSuchMethodError'{0x000000008972fd70}: method resolution failed> (0x000000008972fd70) thrown at [c:/workspace/9-2-build-windows-amd64-cygwin-phase2/jdk9/6725/hotspot/src/share/vm/prims/methodHandles.cpp, line 1256]
Event: 2.805 Thread 0x00000133101af800 Exception <a 'java/lang/NoSuchMethodError'{0x0000000089591008}: java.lang.invoke.DirectMethodHandle$Holder.invokeStatic(Ljava/lang/Object;Ljava/lang/Object;)I> (0x0000000089591008) thrown at [c:/workspace/9-2-build-windows-amd64-cygwin-phase2/jdk9/6725/ho
Event: 3.052 Thread 0x00000133101af800 Exception <a 'java/lang/NoSuchMethodError'{0x000000008925ec90}: java.lang.invoke.DirectMethodHandle$Holder.invokeStaticInit(Ljava/lang/Object;Ljava/lang/Object;)V> (0x000000008925ec90) thrown at [c:/workspace/9-2-build-windows-amd64-cygwin-phase2/jdk9/672
Event: 3.084 Thread 0x00000133101af800 Exception <a 'java/lang/NoSuchMethodError'{0x000000008910c198}: java.lang.invoke.DirectMethodHandle$Holder.invokeSpecial(Ljava/lang/Object;Ljava/lang/Object;Ljava/lang/Object;Ljava/lang/Object;)V> (0x000000008910c198) thrown at [c:/workspace/9-2-build-win

Events (10 events):
Event: 3.133 loading class kotlin/collections/IntIterator
Event: 3.133 loading class kotlin/collections/IntIterator done
Event: 3.136 loading class javafx/beans/value/ObservableValue
Event: 3.136 loading class javafx/beans/value/ObservableValue done
Event: 3.136 loading class javafx/beans/value/ObservableValue
Event: 3.136 loading class javafx/beans/value/ObservableValue done
Event: 3.136 loading class javafx/beans/value/ObservableValue
Event: 3.136 loading class javafx/beans/value/ObservableValue done
Event: 3.136 loading class javafx/scene/control/Label
Event: 3.136 loading class javafx/scene/control/Label done


Dynamic libraries:
0x00007ff711300000 - 0x00007ff71133e000 	C:\Program Files\Java\jdk-9\bin\java.exe
0x00007ffd4df30000 - 0x00007ffd4e110000 	C:\WINDOWS\SYSTEM32\ntdll.dll
0x00007ffd4cee0000 - 0x00007ffd4cf8e000 	C:\WINDOWS\System32\KERNEL32.DLL
0x00007ffd4b0d0000 - 0x00007ffd4b336000 	C:\WINDOWS\System32\KERNELBASE.dll
0x00007ffd4dac0000 - 0x00007ffd4db61000 	C:\WINDOWS\System32\ADVAPI32.dll
0x00007ffd4ce30000 - 0x00007ffd4cecd000 	C:\WINDOWS\System32\msvcrt.dll
0x00007ffd4d2b0000 - 0x00007ffd4d30b000 	C:\WINDOWS\System32\sechost.dll
0x00007ffd4dd80000 - 0x00007ffd4de9f000 	C:\WINDOWS\System32\RPCRT4.dll
0x00007ffd4d860000 - 0x00007ffd4d9ef000 	C:\WINDOWS\System32\USER32.dll
0x00007ffd4b3e0000 - 0x00007ffd4b400000 	C:\WINDOWS\System32\win32u.dll
0x00007ffd4b960000 - 0x00007ffd4b988000 	C:\WINDOWS\System32\GDI32.dll
0x00007ffd4a3b0000 - 0x00007ffd4a543000 	C:\WINDOWS\System32\gdi32full.dll
0x00007ffd4b340000 - 0x00007ffd4b3db000 	C:\WINDOWS\System32\msvcp_win.dll
0x00007ffd4a770000 - 0x00007ffd4a866000 	C:\WINDOWS\System32\ucrtbase.dll
0x00007ffd39fe0000 - 0x00007ffd3a249000 	C:\WINDOWS\WinSxS\amd64_microsoft.windows.common-controls_6595b64144ccf1df_6.0.16299.192_none_15c8cdae9364c23b\COMCTL32.dll
0x00007ffd4d520000 - 0x00007ffd4d828000 	C:\WINDOWS\System32\combase.dll
0x00007ffd4a330000 - 0x00007ffd4a3a2000 	C:\WINDOWS\System32\bcryptPrimitives.dll
0x00007ffd456c0000 - 0x00007ffd456ca000 	C:\WINDOWS\SYSTEM32\VERSION.dll
0x00007ffd4d830000 - 0x00007ffd4d85d000 	C:\WINDOWS\System32\IMM32.DLL
0x00007ffd1d470000 - 0x00007ffd1d4ed000 	c:\program files (x86)\f-secure\safe\apps\ultralight\ulcore\1515079041\fshook64.dll
0x00007ffd254a0000 - 0x00007ffd2558f000 	C:\Program Files\Java\jdk-9\bin\msvcr120.dll
0x00007ffd2d6d0000 - 0x00007ffd2d776000 	C:\Program Files\Java\jdk-9\bin\msvcp120.dll
0x00000000644b0000 - 0x0000000064eda000 	C:\Program Files\Java\jdk-9\bin\server\jvm.dll
0x00007ffd4d0a0000 - 0x00007ffd4d0a8000 	C:\WINDOWS\System32\PSAPI.DLL
0x00007ffd39120000 - 0x00007ffd39129000 	C:\WINDOWS\SYSTEM32\WSOCK32.dll
0x00007ffd47310000 - 0x00007ffd47333000 	C:\WINDOWS\SYSTEM32\WINMM.dll
0x00007ffd4d310000 - 0x00007ffd4d37c000 	C:\WINDOWS\System32\WS2_32.dll
0x00007ffd472e0000 - 0x00007ffd4730a000 	C:\WINDOWS\SYSTEM32\WINMMBASE.dll
0x00007ffd4a550000 - 0x00007ffd4a59a000 	C:\WINDOWS\System32\cfgmgr32.dll
0x00007ffd468a0000 - 0x00007ffd468af000 	C:\Program Files\Java\jdk-9\bin\verify.dll
0x00007ffd41020000 - 0x00007ffd41047000 	C:\Program Files\Java\jdk-9\bin\java.dll
0x00007ffd41b40000 - 0x00007ffd41b6a000 	C:\Program Files\Java\jdk-9\bin\instrument.dll
0x00007ffd3f1d0000 - 0x00007ffd3f1e6000 	C:\Program Files\Java\jdk-9\bin\zip.dll
0x00007ffd41ab0000 - 0x00007ffd41aba000 	C:\Program Files\Java\jdk-9\bin\jimage.dll
0x00007ffd4b990000 - 0x00007ffd4cdc6000 	C:\WINDOWS\System32\SHELL32.dll
0x00007ffd4d0b0000 - 0x00007ffd4d156000 	C:\WINDOWS\System32\shcore.dll
0x00007ffd4a920000 - 0x00007ffd4b067000 	C:\WINDOWS\System32\windows.storage.dll
0x00007ffd4dea0000 - 0x00007ffd4def1000 	C:\WINDOWS\System32\shlwapi.dll
0x00007ffd4a2a0000 - 0x00007ffd4a2b1000 	C:\WINDOWS\System32\kernel.appcore.dll
0x00007ffd4a2e0000 - 0x00007ffd4a32c000 	C:\WINDOWS\System32\powrprof.dll
0x00007ffd4a280000 - 0x00007ffd4a29b000 	C:\WINDOWS\System32\profapi.dll
0x00007ffd33cd0000 - 0x00007ffd33cea000 	C:\Program Files\Java\jdk-9\bin\net.dll
0x00007ffd431e0000 - 0x00007ffd432be000 	C:\WINDOWS\SYSTEM32\WINHTTP.dll
0x00007ffd49b10000 - 0x00007ffd49b76000 	C:\WINDOWS\system32\mswsock.dll
0x00007ffd31ed0000 - 0x00007ffd31ee1000 	C:\Program Files\Java\jdk-9\bin\nio.dll
0x00007ffd41bd0000 - 0x00007ffd41bea000 	C:\Users\Sutharsan\AppData\Roaming\JetBrains\IntelliJ IDEA 2017.2.4\bin\breakgen64.dll
0x00007ffd41ac0000 - 0x00007ffd41ae3000 	C:\Program Files\Java\jdk-9\bin\prism_d3d.dll
0x00007ffd0e8b0000 - 0x00007ffd0ea45000 	C:\WINDOWS\system32\d3d9.dll
0x00007ffd48b30000 - 0x00007ffd48b5a000 	C:\WINDOWS\SYSTEM32\dwmapi.dll
0x00007ffd488c0000 - 0x00007ffd48955000 	C:\WINDOWS\system32\uxtheme.dll
0x00007ffd456d0000 - 0x00007ffd45832000 	C:\WINDOWS\SYSTEM32\aticfx64.dll
0x00007ffd3f0b0000 - 0x00007ffd3f0d1000 	C:\WINDOWS\SYSTEM32\atiu9p64.dll
0x00007ffd20680000 - 0x00007ffd20edb000 	C:\WINDOWS\SYSTEM32\atiumd64.dll
0x0000000065f60000 - 0x00000000667e5000 	C:\WINDOWS\SYSTEM32\atiumd6a.dll
0x00007ffd2d840000 - 0x00007ffd2d883000 	C:\Program Files\Java\jdk-9\bin\glass.dll
0x00007ffd4cf90000 - 0x00007ffd4d09a000 	C:\WINDOWS\System32\COMDLG32.dll
0x00007ffd4d160000 - 0x00007ffd4d2a9000 	C:\WINDOWS\System32\ole32.dll
0x00007ffd4d9f0000 - 0x00007ffd4dab5000 	C:\WINDOWS\System32\OLEAUT32.dll
0x00007ffd4dc10000 - 0x00007ffd4dd77000 	C:\WINDOWS\System32\MSCTF.dll
0x00007ffd39f10000 - 0x00007ffd39f33000 	C:\Program Files\Java\jdk-9\bin\javafx_iio.dll
0x00007ffd41000000 - 0x00007ffd41014000 	C:\Program Files\Java\jdk-9\bin\javafx_font.dll
0x00007ffd21290000 - 0x00007ffd2142a000 	C:\Program Files\Java\jdk-9\bin\awt.dll
0x00007ffd47c50000 - 0x00007ffd48208000 	C:\WINDOWS\SYSTEM32\d2d1.dll
0x00007ffd4a5a0000 - 0x00007ffd4a76e000 	C:\WINDOWS\System32\CRYPT32.dll
0x00007ffd4a2c0000 - 0x00007ffd4a2d2000 	C:\WINDOWS\System32\MSASN1.dll
0x00007ffd48740000 - 0x00007ffd487c8000 	C:\WINDOWS\SYSTEM32\apphelp.dll
0x00007ffd2d7a0000 - 0x00007ffd2d83d000 	C:\Program Files\Java\jdk-9\bin\fontmanager.dll
0x00007ffd3fa40000 - 0x00007ffd3fd4f000 	C:\WINDOWS\SYSTEM32\dwrite.dll
0x00007ffd3c6f0000 - 0x00007ffd3c8b8000 	C:\WINDOWS\SYSTEM32\dbghelp.dll
0x00007ffd4db70000 - 0x00007ffd4dc0e000 	C:\WINDOWS\System32\clbcatq.dll
0x00007ffd46a80000 - 0x00007ffd46c2b000 	C:\WINDOWS\SYSTEM32\WindowsCodecs.dll

VM Arguments:
jvm_args: -javaagent:C:\Users\Sutharsan\AppData\Roaming\JetBrains\IntelliJ IDEA 2017.2.4\lib\idea_rt.jar=64909:C:\Users\Sutharsan\AppData\Roaming\JetBrains\IntelliJ IDEA 2017.2.4\bin -Dfile.encoding=UTF-8 
java_command: Main
java_class_path (initial): C:\Users\Sutharsan\IdeaProjects\QuizApplication\out\production\QuizApplication;C:\Users\Sutharsan\AppData\Roaming\JetBrains\IntelliJ IDEA 2017.2.4\plugins\Kotlin\kotlinc\lib\kotlin-stdlib.jar;C:\Users\Sutharsan\AppData\Roaming\JetBrains\IntelliJ IDEA 2017.2.4\plugins\Kotlin\kotlinc\lib\kotlin-reflect.jar;C:\Users\Sutharsan\AppData\Roaming\JetBrains\IntelliJ IDEA 2017.2.4\plugins\Kotlin\kotlinc\lib\kotlin-test.jar;C:\Users\Sutharsan\AppData\Roaming\JetBrains\IntelliJ IDEA 2017.2.4\plugins\Kotlin\kotlinc\lib\kotlin-stdlib-jre7.jar;C:\Users\Sutharsan\AppData\Roaming\JetBrains\IntelliJ IDEA 2017.2.4\plugins\Kotlin\kotlinc\lib\kotlin-stdlib-jre8.jar;C:\Users\Sutharsan\IdeaProjects\QuizApplication\jsch-0.1.54.jar
Launcher Type: SUN_STANDARD

Logging:
Log output configuration:
#0: stdout all=warning uptime,level,tags
#1: stderr all=off uptime,level,tags

Environment Variables:
PATH=C:\ProgramData\Oracle\Java\javapath;C:\Program Files (x86)\AMD APP\bin\x86_64;C:\Program Files (x86)\AMD APP\bin\x86;C:\WINDOWS\system32;C:\WINDOWS;C:\WINDOWS\System32\Wbem;C:\WINDOWS\System32\WindowsPowerShell\v1.0\;C:\Program Files (x86)\ATI Technologies\ATI.ACE\Core-Static;C:\Program Files (x86)\Windows Live\Shared;C:\Program Files (x86)\Skype\Phone\;C:\Users\Sutharsan\AppData\Local\Microsoft\WindowsApps;
USERNAME=Sutharsan
OS=Windows_NT
PROCESSOR_IDENTIFIER=AMD64 Family 21 Model 16 Stepping 1, AuthenticAMD



---------------  S Y S T E M  ---------------

OS: Windows 10 , 64 bit Build 16299 (10.0.16299.15)

CPU:total 4 (initial active 4) (4 cores per cpu, 1 threads per core) family 21 model 16 stepping 1, cmov, cx8, fxsr, mmx, sse, sse2, sse3, ssse3, sse4.1, sse4.2, popcnt, avx, aes, clmul, mmxext, 3dnowpref, lzcnt, sse4a, tsc, tscinvbit, tscinv, bmi1

Memory: 4k page, physical 8281388k(868964k free), swap 12475692k(2936k free)

vm_info: Java HotSpot(TM) 64-Bit Server VM (9+181) for windows-amd64 JRE (9+181), built on Aug  2 2017 21:30:51 by "javare" with MS VC++ 12.0 (VS2013)

END.
